<html>
<head>
<title>TestNG:  Test-1</title>
<link href="../testng.css" rel="stylesheet" type="text/css" />
<link href="../my-testng.css" rel="stylesheet" type="text/css" />

<style type="text/css">
.log { display: none;} 
.stack-trace { display: none;} 
</style>
<script type="text/javascript">
<!--
function flip(e) {
  current = e.style.display;
  if (current == 'block') {
    e.style.display = 'none';
    return 0;
  }
  else {
    e.style.display = 'block';
    return 1;
  }
}

function toggleBox(szDivId, elem, msg1, msg2)
{
  var res = -1;  if (document.getElementById) {
    res = flip(document.getElementById(szDivId));
  }
  else if (document.all) {
    // this is the way old msie versions work
    res = flip(document.all[szDivId]);
  }
  if(elem) {
    if(res == 0) elem.innerHTML = msg1; else elem.innerHTML = msg2;
  }

}

function toggleAllBoxes() {
  if (document.getElementsByTagName) {
    d = document.getElementsByTagName('div');
    for (i = 0; i < d.length; i++) {
      if (d[i].className == 'log') {
        flip(d[i]);
      }
    }
  }
}

// -->
</script>

</head>
<body>
<h2 align='center'>Test-1</h2><table border='1' align="center">
<tr>
<td>Tests passed/Failed/Skipped:</td><td>0/0/4</td>
</tr><tr>
<td>Started on:</td><td>Tue Oct 22 11:23:02 IST 2024</td>
</tr>
<tr><td>Total time:</td><td>0 seconds (240 ms)</td>
</tr><tr>
<td>Included groups:</td><td></td>
</tr><tr>
<td>Excluded groups:</td><td></td>
</tr>
</table><p/>
<small><i>(Hover the method name to see the test class name)</i></small><p/>
<table width='100%' border='1' class='invocation-failed'>
<tr><td colspan='4' align='center'><b>FAILED CONFIGURATIONS</b></td></tr>
<tr><td><b>Test method</b></td>
<td><b>Attribute(s)</b></td>
<td width="30%"><b>Exception</b></td>
<td width="10%"><b>Time (seconds)</b></td>
<td><b>Instance</b></td>
</tr>
<tr>
<td title='PracticeTestng.classA.configBC()'><b>configBC</b><br>Test class: PracticeTestng.classA</td>
<td><div><pre>org.testng.TestNGException: 
Parameter &apos;BROWSER&apos; is required by BeforeClass on method configBC but has not been marked @Optional or defined
in C:\Users\admin\eclipse-workspace\tekpyramid_framework\paralleltesting_classes.xml
	at java.base/java.util.concurrent.ThreadPoolExecutor.runWorker(ThreadPoolExecutor.java:1136)
	at java.base/java.util.concurrent.ThreadPoolExecutor$Worker.run(ThreadPoolExecutor.java:635)
	at java.base/java.lang.Thread.run(Thread.java:833)
... Removed 7 stack frames</pre></div><a href='#' onClick='toggleBox("stack-trace1093368254", this, "Click to show all stack frames", "Click to hide stack frames")'>Click to show all stack frames</a>
<div class='stack-trace' id='stack-trace1093368254'><pre>org.testng.TestNGException: 
Parameter &apos;BROWSER&apos; is required by BeforeClass on method configBC but has not been marked @Optional or defined
in C:\Users\admin\eclipse-workspace\tekpyramid_framework\paralleltesting_classes.xml
	at org.testng.internal.Parameters.createParams(Parameters.java:267)
	at org.testng.internal.Parameters.createParametersForMethod(Parameters.java:355)
	at org.testng.internal.Parameters.createParameters(Parameters.java:684)
	at org.testng.internal.Parameters.createConfigurationParameters(Parameters.java:166)
	at org.testng.internal.invokers.ConfigInvoker.invokeConfigurations(ConfigInvoker.java:306)
	at org.testng.internal.invokers.TestMethodWorker.invokeBeforeClassMethods(TestMethodWorker.java:180)
	at org.testng.internal.invokers.TestMethodWorker.run(TestMethodWorker.java:122)
	at java.base/java.util.concurrent.ThreadPoolExecutor.runWorker(ThreadPoolExecutor.java:1136)
	at java.base/java.util.concurrent.ThreadPoolExecutor$Worker.run(ThreadPoolExecutor.java:635)
	at java.base/java.lang.Thread.run(Thread.java:833)
</pre></div></td>
<td>-1729576382</td>
<td>PracticeTestng.classA@7ae0a9ec</td></tr>
<tr>
<td title='PracticeTestng.ClassB.configBC()'><b>configBC</b><br>Test class: PracticeTestng.ClassB</td>
<td><div><pre>org.testng.TestNGException: 
Parameter &apos;BROWSER&apos; is required by BeforeClass on method configBC but has not been marked @Optional or defined
in C:\Users\admin\eclipse-workspace\tekpyramid_framework\paralleltesting_classes.xml
	at java.base/java.util.concurrent.ThreadPoolExecutor.runWorker(ThreadPoolExecutor.java:1136)
	at java.base/java.util.concurrent.ThreadPoolExecutor$Worker.run(ThreadPoolExecutor.java:635)
	at java.base/java.lang.Thread.run(Thread.java:833)
... Removed 7 stack frames</pre></div><a href='#' onClick='toggleBox("stack-trace1499674153", this, "Click to show all stack frames", "Click to hide stack frames")'>Click to show all stack frames</a>
<div class='stack-trace' id='stack-trace1499674153'><pre>org.testng.TestNGException: 
Parameter &apos;BROWSER&apos; is required by BeforeClass on method configBC but has not been marked @Optional or defined
in C:\Users\admin\eclipse-workspace\tekpyramid_framework\paralleltesting_classes.xml
	at org.testng.internal.Parameters.createParams(Parameters.java:267)
	at org.testng.internal.Parameters.createParametersForMethod(Parameters.java:355)
	at org.testng.internal.Parameters.createParameters(Parameters.java:684)
	at org.testng.internal.Parameters.createConfigurationParameters(Parameters.java:166)
	at org.testng.internal.invokers.ConfigInvoker.invokeConfigurations(ConfigInvoker.java:306)
	at org.testng.internal.invokers.TestMethodWorker.invokeBeforeClassMethods(TestMethodWorker.java:180)
	at org.testng.internal.invokers.TestMethodWorker.run(TestMethodWorker.java:122)
	at java.base/java.util.concurrent.ThreadPoolExecutor.runWorker(ThreadPoolExecutor.java:1136)
	at java.base/java.util.concurrent.ThreadPoolExecutor$Worker.run(ThreadPoolExecutor.java:635)
	at java.base/java.lang.Thread.run(Thread.java:833)
</pre></div></td>
<td>-1729576382</td>
<td>PracticeTestng.ClassB@7fd50002</td></tr>
</table><p>
<table width='100%' border='1' class='invocation-skipped'>
<tr><td colspan='4' align='center'><b>SKIPPED CONFIGURATIONS</b></td></tr>
<tr><td><b>Test method</b></td>
<td><b>Attribute(s)</b></td>
<td width="30%"><b>Exception</b></td>
<td width="10%"><b>Time (seconds)</b></td>
<td><b>Instance</b></td>
</tr>
<tr>
<td title='PracticeTestng.ClassB.configAM()'><b>configAM</b><br>Test class: PracticeTestng.ClassB</td>
<td></td>
<td>0</td>
<td>PracticeTestng.ClassB@7fd50002</td></tr>
<tr>
<td title='PracticeTestng.classA.configBM()'><b>configBM</b><br>Test class: PracticeTestng.classA</td>
<td></td>
<td>0</td>
<td>PracticeTestng.classA@7ae0a9ec</td></tr>
<tr>
<td title='PracticeTestng.ClassB.configBM()'><b>configBM</b><br>Test class: PracticeTestng.ClassB</td>
<td></td>
<td>0</td>
<td>PracticeTestng.ClassB@7fd50002</td></tr>
<tr>
<td title='PracticeTestng.classA.configBM()'><b>configBM</b><br>Test class: PracticeTestng.classA</td>
<td></td>
<td>0</td>
<td>PracticeTestng.classA@7ae0a9ec</td></tr>
<tr>
<td title='PracticeTestng.classA.configAM()'><b>configAM</b><br>Test class: PracticeTestng.classA</td>
<td></td>
<td>0</td>
<td>PracticeTestng.classA@7ae0a9ec</td></tr>
<tr>
<td title='PracticeTestng.classA.configAC()'><b>configAC</b><br>Test class: PracticeTestng.classA</td>
<td></td>
<td>0</td>
<td>PracticeTestng.classA@7ae0a9ec</td></tr>
<tr>
<td title='PracticeTestng.ClassB.configAC()'><b>configAC</b><br>Test class: PracticeTestng.ClassB</td>
<td></td>
<td>0</td>
<td>PracticeTestng.ClassB@7fd50002</td></tr>
<tr>
<td title='PracticeTestng.ClassB.configAM()'><b>configAM</b><br>Test class: PracticeTestng.ClassB</td>
<td></td>
<td>0</td>
<td>PracticeTestng.ClassB@7fd50002</td></tr>
<tr>
<td title='PracticeTestng.ClassB.configBM()'><b>configBM</b><br>Test class: PracticeTestng.ClassB</td>
<td></td>
<td>0</td>
<td>PracticeTestng.ClassB@7fd50002</td></tr>
<tr>
<td title='PracticeTestng.classA.configAM()'><b>configAM</b><br>Test class: PracticeTestng.classA</td>
<td></td>
<td>0</td>
<td>PracticeTestng.classA@7ae0a9ec</td></tr>
</table><p>
<table width='100%' border='1' class='invocation-skipped'>
<tr><td colspan='4' align='center'><b>SKIPPED TESTS</b></td></tr>
<tr><td><b>Test method</b></td>
<td><b>Attribute(s)</b></td>
<td width="30%"><b>Exception</b></td>
<td width="10%"><b>Time (seconds)</b></td>
<td><b>Instance</b></td>
</tr>
<tr>
<td title='PracticeTestng.classA.method1()'><b>method1</b><br>Test class: PracticeTestng.classA</td>
<td><div><pre>org.testng.TestNGException: 
Parameter &apos;BROWSER&apos; is required by BeforeClass on method configBC but has not been marked @Optional or defined
in C:\Users\admin\eclipse-workspace\tekpyramid_framework\paralleltesting_classes.xml
	at java.base/java.util.concurrent.ThreadPoolExecutor.runWorker(ThreadPoolExecutor.java:1136)
	at java.base/java.util.concurrent.ThreadPoolExecutor$Worker.run(ThreadPoolExecutor.java:635)
	at java.base/java.lang.Thread.run(Thread.java:833)
... Removed 7 stack frames</pre></div><a href='#' onClick='toggleBox("stack-trace395583235", this, "Click to show all stack frames", "Click to hide stack frames")'>Click to show all stack frames</a>
<div class='stack-trace' id='stack-trace395583235'><pre>org.testng.TestNGException: 
Parameter &apos;BROWSER&apos; is required by BeforeClass on method configBC but has not been marked @Optional or defined
in C:\Users\admin\eclipse-workspace\tekpyramid_framework\paralleltesting_classes.xml
	at org.testng.internal.Parameters.createParams(Parameters.java:267)
	at org.testng.internal.Parameters.createParametersForMethod(Parameters.java:355)
	at org.testng.internal.Parameters.createParameters(Parameters.java:684)
	at org.testng.internal.Parameters.createConfigurationParameters(Parameters.java:166)
	at org.testng.internal.invokers.ConfigInvoker.invokeConfigurations(ConfigInvoker.java:306)
	at org.testng.internal.invokers.TestMethodWorker.invokeBeforeClassMethods(TestMethodWorker.java:180)
	at org.testng.internal.invokers.TestMethodWorker.run(TestMethodWorker.java:122)
	at java.base/java.util.concurrent.ThreadPoolExecutor.runWorker(ThreadPoolExecutor.java:1136)
	at java.base/java.util.concurrent.ThreadPoolExecutor$Worker.run(ThreadPoolExecutor.java:635)
	at java.base/java.lang.Thread.run(Thread.java:833)
</pre></div></td>
<td>0</td>
<td>PracticeTestng.classA@7ae0a9ec</td></tr>
<tr>
<td title='PracticeTestng.ClassB.method3()'><b>method3</b><br>Test class: PracticeTestng.ClassB</td>
<td><div><pre>org.testng.TestNGException: 
Parameter &apos;BROWSER&apos; is required by BeforeClass on method configBC but has not been marked @Optional or defined
in C:\Users\admin\eclipse-workspace\tekpyramid_framework\paralleltesting_classes.xml
	at java.base/java.util.concurrent.ThreadPoolExecutor.runWorker(ThreadPoolExecutor.java:1136)
	at java.base/java.util.concurrent.ThreadPoolExecutor$Worker.run(ThreadPoolExecutor.java:635)
	at java.base/java.lang.Thread.run(Thread.java:833)
... Removed 7 stack frames</pre></div><a href='#' onClick='toggleBox("stack-trace449267804", this, "Click to show all stack frames", "Click to hide stack frames")'>Click to show all stack frames</a>
<div class='stack-trace' id='stack-trace449267804'><pre>org.testng.TestNGException: 
Parameter &apos;BROWSER&apos; is required by BeforeClass on method configBC but has not been marked @Optional or defined
in C:\Users\admin\eclipse-workspace\tekpyramid_framework\paralleltesting_classes.xml
	at org.testng.internal.Parameters.createParams(Parameters.java:267)
	at org.testng.internal.Parameters.createParametersForMethod(Parameters.java:355)
	at org.testng.internal.Parameters.createParameters(Parameters.java:684)
	at org.testng.internal.Parameters.createConfigurationParameters(Parameters.java:166)
	at org.testng.internal.invokers.ConfigInvoker.invokeConfigurations(ConfigInvoker.java:306)
	at org.testng.internal.invokers.TestMethodWorker.invokeBeforeClassMethods(TestMethodWorker.java:180)
	at org.testng.internal.invokers.TestMethodWorker.run(TestMethodWorker.java:122)
	at java.base/java.util.concurrent.ThreadPoolExecutor.runWorker(ThreadPoolExecutor.java:1136)
	at java.base/java.util.concurrent.ThreadPoolExecutor$Worker.run(ThreadPoolExecutor.java:635)
	at java.base/java.lang.Thread.run(Thread.java:833)
</pre></div></td>
<td>0</td>
<td>PracticeTestng.ClassB@7fd50002</td></tr>
<tr>
<td title='PracticeTestng.ClassB.method4()'><b>method4</b><br>Test class: PracticeTestng.ClassB</td>
<td><div><pre>org.testng.TestNGException: 
Parameter &apos;BROWSER&apos; is required by BeforeClass on method configBC but has not been marked @Optional or defined
in C:\Users\admin\eclipse-workspace\tekpyramid_framework\paralleltesting_classes.xml
	at java.base/java.util.concurrent.ThreadPoolExecutor.runWorker(ThreadPoolExecutor.java:1136)
	at java.base/java.util.concurrent.ThreadPoolExecutor$Worker.run(ThreadPoolExecutor.java:635)
	at java.base/java.lang.Thread.run(Thread.java:833)
... Removed 7 stack frames</pre></div><a href='#' onClick='toggleBox("stack-trace255806467", this, "Click to show all stack frames", "Click to hide stack frames")'>Click to show all stack frames</a>
<div class='stack-trace' id='stack-trace255806467'><pre>org.testng.TestNGException: 
Parameter &apos;BROWSER&apos; is required by BeforeClass on method configBC but has not been marked @Optional or defined
in C:\Users\admin\eclipse-workspace\tekpyramid_framework\paralleltesting_classes.xml
	at org.testng.internal.Parameters.createParams(Parameters.java:267)
	at org.testng.internal.Parameters.createParametersForMethod(Parameters.java:355)
	at org.testng.internal.Parameters.createParameters(Parameters.java:684)
	at org.testng.internal.Parameters.createConfigurationParameters(Parameters.java:166)
	at org.testng.internal.invokers.ConfigInvoker.invokeConfigurations(ConfigInvoker.java:306)
	at org.testng.internal.invokers.TestMethodWorker.invokeBeforeClassMethods(TestMethodWorker.java:180)
	at org.testng.internal.invokers.TestMethodWorker.run(TestMethodWorker.java:122)
	at java.base/java.util.concurrent.ThreadPoolExecutor.runWorker(ThreadPoolExecutor.java:1136)
	at java.base/java.util.concurrent.ThreadPoolExecutor$Worker.run(ThreadPoolExecutor.java:635)
	at java.base/java.lang.Thread.run(Thread.java:833)
</pre></div></td>
<td>0</td>
<td>PracticeTestng.ClassB@7fd50002</td></tr>
<tr>
<td title='PracticeTestng.classA.method2()'><b>method2</b><br>Test class: PracticeTestng.classA</td>
<td><div><pre>org.testng.TestNGException: 
Parameter &apos;BROWSER&apos; is required by BeforeClass on method configBC but has not been marked @Optional or defined
in C:\Users\admin\eclipse-workspace\tekpyramid_framework\paralleltesting_classes.xml
	at java.base/java.util.concurrent.ThreadPoolExecutor.runWorker(ThreadPoolExecutor.java:1136)
	at java.base/java.util.concurrent.ThreadPoolExecutor$Worker.run(ThreadPoolExecutor.java:635)
	at java.base/java.lang.Thread.run(Thread.java:833)
... Removed 7 stack frames</pre></div><a href='#' onClick='toggleBox("stack-trace1137964958", this, "Click to show all stack frames", "Click to hide stack frames")'>Click to show all stack frames</a>
<div class='stack-trace' id='stack-trace1137964958'><pre>org.testng.TestNGException: 
Parameter &apos;BROWSER&apos; is required by BeforeClass on method configBC but has not been marked @Optional or defined
in C:\Users\admin\eclipse-workspace\tekpyramid_framework\paralleltesting_classes.xml
	at org.testng.internal.Parameters.createParams(Parameters.java:267)
	at org.testng.internal.Parameters.createParametersForMethod(Parameters.java:355)
	at org.testng.internal.Parameters.createParameters(Parameters.java:684)
	at org.testng.internal.Parameters.createConfigurationParameters(Parameters.java:166)
	at org.testng.internal.invokers.ConfigInvoker.invokeConfigurations(ConfigInvoker.java:306)
	at org.testng.internal.invokers.TestMethodWorker.invokeBeforeClassMethods(TestMethodWorker.java:180)
	at org.testng.internal.invokers.TestMethodWorker.run(TestMethodWorker.java:122)
	at java.base/java.util.concurrent.ThreadPoolExecutor.runWorker(ThreadPoolExecutor.java:1136)
	at java.base/java.util.concurrent.ThreadPoolExecutor$Worker.run(ThreadPoolExecutor.java:635)
	at java.base/java.lang.Thread.run(Thread.java:833)
</pre></div></td>
<td>0</td>
<td>PracticeTestng.classA@7ae0a9ec</td></tr>
</table><p>
</body>
</html>